<?xml version="1.0" encoding="UTF-8"?>
<!-- Generated by org.testng.reporters.JUnitXMLReporter -->
<testsuite hostname="LAPTOP-DC5CTV5D" failures="0" tests="4" name="Default test" time="0.044" errors="0" timestamp="18 Jul 2022 09:27:20 GMT">
  <testcase classname="com.testingjava.DemoTest" name="CreateDemo3Test" time="0.016"/>
  <testcase classname="com.testingjava.DemoTest" name="CreateDemo4Test" time="0.002"/>
  <testcase classname="com.testingjava.DemoTest" name="createDemo1Test" time="0.002"/>
  <testcase classname="com.testingjava.DemoTest" name="createDemo2Test" time="0.001"/>
</testsuite> <!-- Default test -->
